[INFO] Scanning for projects...
[INFO] 
[INFO] ----------------------< com.datingapp:dating-app >----------------------
[INFO] Building Dating App 1.0.0
[INFO]   from pom.xml
[INFO] --------------------------------[ jar ]---------------------------------
[INFO] 
[INFO] >>> javafx:0.0.8:run (default-cli) > process-classes @ dating-app >>>
[WARNING] 6 problems were encountered while building the effective model for org.openjfx:javafx-controls:jar:21.0.2 during dependency collection step for project (use -X to see details)
[WARNING] 6 problems were encountered while building the effective model for org.openjfx:javafx-controls:jar:20 during dependency collection step for project (use -X to see details)
[INFO] 
[INFO] --- checkstyle:3.3.1:check (checkstyle-check) @ dating-app ---
[INFO] Starting audit...
[ERROR] C:\Users\tom7s\Desktopp\Claude_Folder_2\Date_Program\src\main\java\datingapp\ui\controller\StatsController.java:121:13: 'if' construct must use '{}'s. [NeedBraces]
[ERROR] C:\Users\tom7s\Desktopp\Claude_Folder_2\Date_Program\src\main\java\datingapp\ui\controller\StatsController.java:122:13: 'if' construct must use '{}'s. [NeedBraces]
[ERROR] C:\Users\tom7s\Desktopp\Claude_Folder_2\Date_Program\src\main\java\datingapp\ui\controller\StatsController.java:123:13: 'if' construct must use '{}'s. [NeedBraces]
[ERROR] C:\Users\tom7s\Desktopp\Claude_Folder_2\Date_Program\src\main\java\datingapp\ui\controller\StatsController.java:124:13: 'if' construct must use '{}'s. [NeedBraces]
[ERROR] C:\Users\tom7s\Desktopp\Claude_Folder_2\Date_Program\src\main\java\datingapp\ui\controller\StatsController.java:125:13: 'if' construct must use '{}'s. [NeedBraces]
Audit done.
[INFO] There are 5 errors reported by Checkstyle 10.14.2 with checkstyle.xml ruleset.
[ERROR] src\main\java\datingapp\ui\controller\StatsController.java:[121,13] (blocks) NeedBraces: 'if' construct must use '{}'s.
[ERROR] src\main\java\datingapp\ui\controller\StatsController.java:[122,13] (blocks) NeedBraces: 'if' construct must use '{}'s.
[ERROR] src\main\java\datingapp\ui\controller\StatsController.java:[123,13] (blocks) NeedBraces: 'if' construct must use '{}'s.
[ERROR] src\main\java\datingapp\ui\controller\StatsController.java:[124,13] (blocks) NeedBraces: 'if' construct must use '{}'s.
[ERROR] src\main\java\datingapp\ui\controller\StatsController.java:[125,13] (blocks) NeedBraces: 'if' construct must use '{}'s.
[WARNING] checkstyle:check violations detected but failOnViolation set to false
[INFO] You have 5 Checkstyle violations.
[INFO] 
[INFO] --- jacoco:0.8.11:prepare-agent (prepare-agent) @ dating-app ---
[INFO] argLine set to -javaagent:C:\\Users\\tom7s\\.m2\\repository\\org\\jacoco\\org.jacoco.agent\\0.8.11\\org.jacoco.agent-0.8.11-runtime.jar=destfile=C:\\Users\\tom7s\\Desktopp\\Claude_Folder_2\\Date_Program\\target\\jacoco.exec
[INFO] 
[INFO] --- resources:3.3.1:resources (default-resources) @ dating-app ---
[INFO] Copying 8 resources from src\main\resources to target\classes
[INFO] 
[INFO] --- compiler:3.12.1:compile (default-compile) @ dating-app ---
[INFO] Nothing to compile - all classes are up to date.
[INFO] 
[INFO] <<< javafx:0.0.8:run (default-cli) < process-classes @ dating-app <<<
[INFO] 
[INFO] 
[INFO] --- javafx:0.0.8:run (default-cli) @ dating-app ---
Initializing Dating App GUI...
[DEBUG] Step 1: Loading AppConfig...
[DEBUG] Step 1: AppConfig loaded.
[DEBUG] Step 2: Getting DatabaseManager instance...
[DEBUG] Step 2: DatabaseManager obtained.
[DEBUG] Step 3: Building ServiceRegistry...
[DEBUG] Step 3: ServiceRegistry built.
[DEBUG] Step 4: Creating ViewModelFactory...
[DEBUG] Step 4: ViewModelFactory created.
[DEBUG] Step 5: Getting NavigationService...
[DEBUG] Step 5: NavigationService ready.
Legacy services and UI foundation warmed up.
Starting JavaFX Primary Stage...
Navigating to: LOGIN
Loaded 1 users for login selection.
Exception in Application start method
Shutting down Dating App GUI...
java.lang.reflect.InvocationTargetException
	at java.base/jdk.internal.reflect.DirectMethodHandleAccessor.invoke(DirectMethodHandleAccessor.java:118)
	at java.base/java.lang.reflect.Method.invoke(Method.java:580)
	at javafx.graphics@21.0.2/com.sun.javafx.application.LauncherImpl.launchApplicationWithArgs(LauncherImpl.java:464)
	at javafx.graphics@21.0.2/com.sun.javafx.application.LauncherImpl.launchApplication(LauncherImpl.java:364)
	at java.base/jdk.internal.reflect.DirectMethodHandleAccessor.invoke(DirectMethodHandleAccessor.java:103)
	at java.base/java.lang.reflect.Method.invoke(Method.java:580)
	at java.base/sun.launcher.LauncherHelper$FXHelper.main(LauncherHelper.java:1156)
Caused by: java.lang.RuntimeException: Exception in Application start method
	at javafx.graphics@21.0.2/com.sun.javafx.application.LauncherImpl.launchApplication1(LauncherImpl.java:893)
	at javafx.graphics@21.0.2/com.sun.javafx.application.LauncherImpl.lambda$launchApplication$2(LauncherImpl.java:196)
	at java.base/java.lang.Thread.run(Thread.java:1583)
Caused by: java.lang.UnsupportedOperationException: Cannot resolve 'mdi2-account-circle'
	at org.kordamp.ikonli.AbstractIkonResolver.resolve(AbstractIkonResolver.java:61)
	at org.kordamp.ikonli.javafx.IkonResolver.resolve(IkonResolver.java:73)
	at org.kordamp.ikonli.javafx.FontIcon.setIconLiteral(FontIcon.java:251)
	at org.kordamp.ikonli.javafx.FontIcon.<init>(FontIcon.java:92)
	at datingapp.ui.controller.LoginController$UserListCell.<init>(LoginController.java:94)
	at datingapp.ui.controller.LoginController.lambda$0(LoginController.java:65)
	at javafx.controls@21.0.2/javafx.scene.control.skin.ListViewSkin.createCell(ListViewSkin.java:454)
	at javafx.controls@21.0.2/javafx.scene.control.skin.ListViewSkin.lambda$new$9(ListViewSkin.java:215)
	at javafx.controls@21.0.2/javafx.scene.control.skin.VirtualFlow.getCell(VirtualFlow.java:1777)
	at javafx.controls@21.0.2/javafx.scene.control.skin.VirtualFlow.getOrCreateCellSize(VirtualFlow.java:3069)
	at javafx.controls@21.0.2/javafx.scene.control.skin.VirtualFlow.getOrCreateCellSize(VirtualFlow.java:3041)
	at javafx.controls@21.0.2/javafx.scene.control.skin.VirtualFlow$5.invalidated(VirtualFlow.java:865)
	at javafx.base@21.0.2/javafx.beans.property.IntegerPropertyBase.markInvalid(IntegerPropertyBase.java:113)
	at javafx.base@21.0.2/javafx.beans.property.IntegerPropertyBase.set(IntegerPropertyBase.java:148)
	at javafx.controls@21.0.2/javafx.scene.control.skin.VirtualFlow.setCellCount(VirtualFlow.java:912)
	at javafx.controls@21.0.2/javafx.scene.control.skin.ListViewSkin.updateItemCount(ListViewSkin.java:343)
	at javafx.controls@21.0.2/javafx.scene.control.skin.ListViewSkin.<init>(ListViewSkin.java:232)
	at javafx.controls@21.0.2/javafx.scene.control.ListView.createDefaultSkin(ListView.java:1031)
	at javafx.controls@21.0.2/javafx.scene.control.Control.doProcessCSS(Control.java:910)
	at javafx.controls@21.0.2/javafx.scene.control.Control$1.doProcessCSS(Control.java:88)
	at javafx.controls@21.0.2/com.sun.javafx.scene.control.ControlHelper.processCSSImpl(ControlHelper.java:68)
	at javafx.graphics@21.0.2/com.sun.javafx.scene.NodeHelper.processCSS(NodeHelper.java:147)
	at javafx.graphics@21.0.2/javafx.scene.Parent.doProcessCSS(Parent.java:1401)
	at javafx.graphics@21.0.2/javafx.scene.Parent$1.doProcessCSS(Parent.java:125)
	at javafx.graphics@21.0.2/com.sun.javafx.scene.ParentHelper.processCSSImpl(ParentHelper.java:98)
	at javafx.graphics@21.0.2/com.sun.javafx.scene.NodeHelper.processCSS(NodeHelper.java:147)
	at javafx.graphics@21.0.2/javafx.scene.Parent.doProcessCSS(Parent.java:1401)
	at javafx.graphics@21.0.2/javafx.scene.Parent$1.doProcessCSS(Parent.java:125)
	at javafx.graphics@21.0.2/com.sun.javafx.scene.ParentHelper.processCSSImpl(ParentHelper.java:98)
	at javafx.graphics@21.0.2/com.sun.javafx.scene.NodeHelper.processCSS(NodeHelper.java:147)
	at javafx.graphics@21.0.2/javafx.scene.Parent.doProcessCSS(Parent.java:1401)
	at javafx.graphics@21.0.2/javafx.scene.Parent$1.doProcessCSS(Parent.java:125)
	at javafx.graphics@21.0.2/com.sun.javafx.scene.ParentHelper.processCSSImpl(ParentHelper.java:98)
	at javafx.graphics@21.0.2/com.sun.javafx.scene.NodeHelper.processCSS(NodeHelper.java:147)
	at javafx.graphics@21.0.2/javafx.scene.Parent.doProcessCSS(Parent.java:1401)
	at javafx.graphics@21.0.2/javafx.scene.Parent$1.doProcessCSS(Parent.java:125)
	at javafx.graphics@21.0.2/com.sun.javafx.scene.ParentHelper.processCSSImpl(ParentHelper.java:98)
	at javafx.graphics@21.0.2/com.sun.javafx.scene.NodeHelper.processCSS(NodeHelper.java:147)
	at javafx.graphics@21.0.2/javafx.scene.Node.processCSS(Node.java:9555)
	at javafx.graphics@21.0.2/javafx.scene.Scene.doCSSPass(Scene.java:587)
	at javafx.graphics@21.0.2/javafx.scene.Scene.preferredSize(Scene.java:1786)
	at javafx.graphics@21.0.2/javafx.scene.Scene$2.preferredSize(Scene.java:411)
	at javafx.graphics@21.0.2/com.sun.javafx.scene.SceneHelper.preferredSize(SceneHelper.java:65)
	at javafx.graphics@21.0.2/javafx.stage.Window$12.invalidated(Window.java:1163)
	at javafx.base@21.0.2/javafx.beans.property.BooleanPropertyBase.markInvalid(BooleanPropertyBase.java:110)
	at javafx.base@21.0.2/javafx.beans.property.BooleanPropertyBase.set(BooleanPropertyBase.java:145)
	at javafx.graphics@21.0.2/javafx.stage.Window.setShowing(Window.java:1239)
	at javafx.graphics@21.0.2/javafx.stage.Window.show(Window.java:1254)
	at javafx.graphics@21.0.2/javafx.stage.Stage.show(Stage.java:277)
	at datingapp.ui.DatingApp.start(DatingApp.java:66)
	at javafx.graphics@21.0.2/com.sun.javafx.application.LauncherImpl.lambda$launchApplication1$9(LauncherImpl.java:839)
	at javafx.graphics@21.0.2/com.sun.javafx.application.PlatformImpl.lambda$runAndWait$12(PlatformImpl.java:483)
	at javafx.graphics@21.0.2/com.sun.javafx.application.PlatformImpl.lambda$runLater$10(PlatformImpl.java:456)
	at java.base/java.security.AccessController.doPrivileged(AccessController.java:400)
	at javafx.graphics@21.0.2/com.sun.javafx.application.PlatformImpl.lambda$runLater$11(PlatformImpl.java:455)
	at javafx.graphics@21.0.2/com.sun.glass.ui.InvokeLaterDispatcher$Future.run(InvokeLaterDispatcher.java:95)
	at javafx.graphics@21.0.2/com.sun.glass.ui.win.WinApplication._runLoop(Native Method)
	at javafx.graphics@21.0.2/com.sun.glass.ui.win.WinApplication.lambda$runLoop$3(WinApplication.java:185)
	... 1 more
Exception running application datingapp.ui.DatingApp
[ERROR] Command execution failed.
org.apache.commons.exec.ExecuteException: Process exited with an error: 1 (Exit value: 1)
    at org.apache.commons.exec.DefaultExecutor.executeInternal (DefaultExecutor.java:404)
    at org.apache.commons.exec.DefaultExecutor.execute (DefaultExecutor.java:166)
    at org.openjfx.JavaFXBaseMojo.executeCommandLine (JavaFXBaseMojo.java:567)
    at org.openjfx.JavaFXBaseMojo.executeCommandLine (JavaFXBaseMojo.java:434)
    at org.openjfx.JavaFXRunMojo.execute (JavaFXRunMojo.java:105)
    at org.apache.maven.plugin.DefaultBuildPluginManager.executeMojo (DefaultBuildPluginManager.java:126)
    at org.apache.maven.lifecycle.internal.MojoExecutor.doExecute2 (MojoExecutor.java:328)
    at org.apache.maven.lifecycle.internal.MojoExecutor.doExecute (MojoExecutor.java:316)
    at org.apache.maven.lifecycle.internal.MojoExecutor.execute (MojoExecutor.java:212)
    at org.apache.maven.lifecycle.internal.MojoExecutor.execute (MojoExecutor.java:174)
    at org.apache.maven.lifecycle.internal.MojoExecutor.access$000 (MojoExecutor.java:75)
    at org.apache.maven.lifecycle.internal.MojoExecutor$1.run (MojoExecutor.java:162)
    at org.apache.maven.plugin.DefaultMojosExecutionStrategy.execute (DefaultMojosExecutionStrategy.java:39)
    at org.apache.maven.lifecycle.internal.MojoExecutor.execute (MojoExecutor.java:159)
    at org.apache.maven.lifecycle.internal.LifecycleModuleBuilder.buildProject (LifecycleModuleBuilder.java:105)
    at org.apache.maven.lifecycle.internal.LifecycleModuleBuilder.buildProject (LifecycleModuleBuilder.java:73)
    at org.apache.maven.lifecycle.internal.builder.singlethreaded.SingleThreadedBuilder.build (SingleThreadedBuilder.java:53)
    at org.apache.maven.lifecycle.internal.LifecycleStarter.execute (LifecycleStarter.java:118)
    at org.apache.maven.DefaultMaven.doExecute (DefaultMaven.java:261)
    at org.apache.maven.DefaultMaven.doExecute (DefaultMaven.java:173)
    at org.apache.maven.DefaultMaven.execute (DefaultMaven.java:101)
    at org.apache.maven.cli.MavenCli.execute (MavenCli.java:919)
    at org.apache.maven.cli.MavenCli.doMain (MavenCli.java:285)
    at org.apache.maven.cli.MavenCli.main (MavenCli.java:207)
    at jdk.internal.reflect.DirectMethodHandleAccessor.invoke (DirectMethodHandleAccessor.java:103)
    at java.lang.reflect.Method.invoke (Method.java:580)
    at org.codehaus.plexus.classworlds.launcher.Launcher.launchEnhanced (Launcher.java:255)
    at org.codehaus.plexus.classworlds.launcher.Launcher.launch (Launcher.java:201)
    at org.codehaus.plexus.classworlds.launcher.Launcher.mainWithExitCode (Launcher.java:361)
    at org.codehaus.plexus.classworlds.launcher.Launcher.main (Launcher.java:314)
org.apache.commons.exec.ExecuteException: Process exited with an error: 1 (Exit value: 1)
	at org.apache.commons.exec.DefaultExecutor.executeInternal(DefaultExecutor.java:404)
	at org.apache.commons.exec.DefaultExecutor.execute(DefaultExecutor.java:166)
	at org.openjfx.JavaFXBaseMojo.executeCommandLine(JavaFXBaseMojo.java:567)
	at org.openjfx.JavaFXBaseMojo.executeCommandLine(JavaFXBaseMojo.java:434)
	at org.openjfx.JavaFXRunMojo.execute(JavaFXRunMojo.java:105)
	at org.apache.maven.plugin.DefaultBuildPluginManager.executeMojo(DefaultBuildPluginManager.java:126)
	at org.apache.maven.lifecycle.internal.MojoExecutor.doExecute2(MojoExecutor.java:328)
	at org.apache.maven.lifecycle.internal.MojoExecutor.doExecute(MojoExecutor.java:316)
	at org.apache.maven.lifecycle.internal.MojoExecutor.execute(MojoExecutor.java:212)
	at org.apache.maven.lifecycle.internal.MojoExecutor.execute(MojoExecutor.java:174)
	at org.apache.maven.lifecycle.internal.MojoExecutor.access$000(MojoExecutor.java:75)
	at org.apache.maven.lifecycle.internal.MojoExecutor$1.run(MojoExecutor.java:162)
	at org.apache.maven.plugin.DefaultMojosExecutionStrategy.execute(DefaultMojosExecutionStrategy.java:39)
	at org.apache.maven.lifecycle.internal.MojoExecutor.execute(MojoExecutor.java:159)
	at org.apache.maven.lifecycle.internal.LifecycleModuleBuilder.buildProject(LifecycleModuleBuilder.java:105)
	at org.apache.maven.lifecycle.internal.LifecycleModuleBuilder.buildProject(LifecycleModuleBuilder.java:73)
	at org.apache.maven.lifecycle.internal.builder.singlethreaded.SingleThreadedBuilder.build(SingleThreadedBuilder.java:53)
	at org.apache.maven.lifecycle.internal.LifecycleStarter.execute(LifecycleStarter.java:118)
	at org.apache.maven.DefaultMaven.doExecute(DefaultMaven.java:261)
	at org.apache.maven.DefaultMaven.doExecute(DefaultMaven.java:173)
	at org.apache.maven.DefaultMaven.execute(DefaultMaven.java:101)
	at org.apache.maven.cli.MavenCli.execute(MavenCli.java:919)
	at org.apache.maven.cli.MavenCli.doMain(MavenCli.java:285)
	at org.apache.maven.cli.MavenCli.main(MavenCli.java:207)
	at java.base/jdk.internal.reflect.DirectMethodHandleAccessor.invoke(DirectMethodHandleAccessor.java:103)
	at java.base/java.lang.reflect.Method.invoke(Method.java:580)
	at org.codehaus.plexus.classworlds.launcher.Launcher.launchEnhanced(Launcher.java:255)
	at org.codehaus.plexus.classworlds.launcher.Launcher.launch(Launcher.java:201)
	at org.codehaus.plexus.classworlds.launcher.Launcher.mainWithExitCode(Launcher.java:361)
	at org.codehaus.plexus.classworlds.launcher.Launcher.main(Launcher.java:314)
[INFO] ------------------------------------------------------------------------
[INFO] BUILD FAILURE
[INFO] ------------------------------------------------------------------------
[INFO] Total time:  10.964 s
[INFO] Finished at: 2026-01-15T01:10:19+02:00
[INFO] ------------------------------------------------------------------------
[ERROR] Failed to execute goal org.openjfx:javafx-maven-plugin:0.0.8:run (default-cli) on project dating-app: Error: Command execution failed. Process exited with an error: 1 (Exit value: 1) -> [Help 1]
[ERROR] 
[ERROR] To see the full stack trace of the errors, re-run Maven with the -e switch.
[ERROR] Re-run Maven using the -X switch to enable full debug logging.
[ERROR] 
[ERROR] For more information about the errors and possible solutions, please read the following articles:
[ERROR] [Help 1] http://cwiki.apache.org/confluence/display/MAVEN/MojoExecutionException
