[INFO] Scanning for projects...
[INFO] 
[INFO] ----------------------< com.datingapp:dating-app >----------------------
[INFO] Building Dating App 1.0.0
[INFO]   from pom.xml
[INFO] --------------------------------[ jar ]---------------------------------
[WARNING] 6 problems were encountered while building the effective model for org.openjfx:javafx-controls:jar:21.0.2 during dependency collection step for project (use -X to see details)
[WARNING] 6 problems were encountered while building the effective model for org.openjfx:javafx-controls:jar:20 during dependency collection step for project (use -X to see details)
[INFO] 
[INFO] --- checkstyle:3.3.1:check (checkstyle-check) @ dating-app ---
[INFO] Starting audit...
[ERROR] C:\Users\tom7s\Desktopp\Claude_Folder_2\Date_Program\src\main\java\datingapp\ui\controller\StatsController.java:96:25: 'if' construct must use '{}'s. [NeedBraces]
[ERROR] C:\Users\tom7s\Desktopp\Claude_Folder_2\Date_Program\src\main\java\datingapp\ui\controller\StatsController.java:98:25: 'if' construct must use '{}'s. [NeedBraces]
[ERROR] C:\Users\tom7s\Desktopp\Claude_Folder_2\Date_Program\src\main\java\datingapp\ui\controller\StatsController.java:100:25: 'if' construct must use '{}'s. [NeedBraces]
[ERROR] C:\Users\tom7s\Desktopp\Claude_Folder_2\Date_Program\src\main\java\datingapp\ui\controller\StatsController.java:102:25: 'if' construct must use '{}'s. [NeedBraces]
Audit done.
[INFO] There are 4 errors reported by Checkstyle 10.14.2 with checkstyle.xml ruleset.
[ERROR] src\main\java\datingapp\ui\controller\StatsController.java:[96,25] (blocks) NeedBraces: 'if' construct must use '{}'s.
[ERROR] src\main\java\datingapp\ui\controller\StatsController.java:[98,25] (blocks) NeedBraces: 'if' construct must use '{}'s.
[ERROR] src\main\java\datingapp\ui\controller\StatsController.java:[100,25] (blocks) NeedBraces: 'if' construct must use '{}'s.
[ERROR] src\main\java\datingapp\ui\controller\StatsController.java:[102,25] (blocks) NeedBraces: 'if' construct must use '{}'s.
[WARNING] checkstyle:check violations detected but failOnViolation set to false
[INFO] You have 4 Checkstyle violations.
[INFO] 
[INFO] --- jacoco:0.8.11:prepare-agent (prepare-agent) @ dating-app ---
[INFO] argLine set to -javaagent:C:\\Users\\tom7s\\.m2\\repository\\org\\jacoco\\org.jacoco.agent\\0.8.11\\org.jacoco.agent-0.8.11-runtime.jar=destfile=C:\\Users\\tom7s\\Desktopp\\Claude_Folder_2\\Date_Program\\target\\jacoco.exec
[INFO] 
[INFO] --- resources:3.3.1:resources (default-resources) @ dating-app ---
[INFO] Copying 8 resources from src\main\resources to target\classes
[INFO] 
[INFO] --- compiler:3.12.1:compile (default-compile) @ dating-app ---
[INFO] Nothing to compile - all classes are up to date.
[INFO] ------------------------------------------------------------------------
[INFO] BUILD SUCCESS
[INFO] ------------------------------------------------------------------------
[INFO] Total time:  3.688 s
[INFO] Finished at: 2026-01-15T00:27:27+02:00
[INFO] ------------------------------------------------------------------------
